<?xml version="1.0" encoding="UTF-8"?>
<testsuite name="com.example.MainTest" tests="2" skipped="0" failures="0" errors="0" timestamp="2021-01-16T14:26:16" hostname="MSI-anubhavj19" time="0.013">
  <properties/>
  <testcase name="secretMessageIdentifiedTest()" classname="com.example.MainTest" time="0.012"/>
  <testcase name="noKingdomsInSoutherosReturnsException()" classname="com.example.MainTest" time="0.001"/>
  <system-out><![CDATA[]]></system-out>
  <system-err><![CDATA[]]></system-err>
</testsuite>
