<?xml version="1.0" encoding="UTF-8"?>
<testsuite name="com.example.SpaceTest" tests="1" skipped="0" failures="0" errors="0" timestamp="2021-02-05T14:09:14" hostname="MSI-anubhavj19" time="0.021">
  <properties/>
  <testcase name="secretMessageIdentified()" classname="com.example.SpaceTest" time="0.021"/>
  <system-out><![CDATA[]]></system-out>
  <system-err><![CDATA[]]></system-err>
</testsuite>
