<?xml version="1.0" encoding="UTF-8"?>
<testsuite name="com.example.MainTest" tests="1" skipped="0" failures="0" errors="0" timestamp="2021-01-17T17:22:42" hostname="MSI-anubhavj19" time="0.012">
  <properties/>
  <testcase name="testSecretMessageIdentified()" classname="com.example.MainTest" time="0.012"/>
  <system-out><![CDATA[]]></system-out>
  <system-err><![CDATA[]]></system-err>
</testsuite>
