<?xml version="1.0" encoding="UTF-8"?>
<testsuite name="com.example.SeasarCipherTest" tests="1" skipped="0" failures="0" errors="0" timestamp="2021-02-05T13:11:24" hostname="MSI-anubhavj19" time="0.012">
  <properties/>
  <testcase name="testDecryption()" classname="com.example.SeasarCipherTest" time="0.012"/>
  <system-out><![CDATA[]]></system-out>
  <system-err><![CDATA[]]></system-err>
</testsuite>
